[0.087s] Invoking command in '/home/dfx-rick/ctrl_ws/build/ctrl_ws': CMAKE_PREFIX_PATH=/opt/ros/foxy /usr/bin/cmake --build /home/dfx-rick/ctrl_ws/build/ctrl_ws -- -j4 -l4
[1.240s] [ 50%] [32mBuilding CXX object CMakeFiles/lqr_core.dir/src/lqr.cpp.o[0m
[5.513s] [01m[K/home/dfx-rick/ctrl_ws/src/lqr.cpp:[m[K In constructor â€˜[01m[Klqr::lqr(lss&, std::vector<double>, std::vector<double>)[m[Kâ€™:
[5.514s] [01m[K/home/dfx-rick/ctrl_ws/src/lqr.cpp:29:16:[m[K [01;31m[Kerror: [m[Kâ€˜[01m[KNumoInputs[m[Kâ€™ was not declared in this scope; did you mean â€˜[01m[KNumInputs[m[Kâ€™?
[5.514s]    29 |    R(i,j)=R_[i*[01;31m[KNumoInputs[m[K+j];
[5.514s]       |                [01;31m[K^~~~~~~~~~[m[K
[5.514s]       |                [32m[KNumInputs[m[K
[5.514s] [01m[K/home/dfx-rick/ctrl_ws/src/lqr.cpp:[m[K At global scope:
[5.514s] [01m[K/home/dfx-rick/ctrl_ws/src/lqr.cpp:38:26:[m[K [01;31m[Kerror: [m[KISO C++ forbids declaration of â€˜[01m[KupdateK[m[Kâ€™ with no type [[01;31m[K-fpermissive[m[K]
[5.515s]    38 | lqr::updateK(lss &system_[01;31m[K)[m[K{
[5.515s]       |                          [01;31m[K^[m[K
[5.515s] [01m[K/home/dfx-rick/ctrl_ws/src/lqr.cpp:38:1:[m[K [01;31m[Kerror: [m[Kno declaration matches â€˜[01m[Kint lqr::updateK(lss&)[m[Kâ€™
[5.515s]    38 | [01;31m[Klqr[m[K::updateK(lss &system_){
[5.515s]       | [01;31m[K^~~[m[K
[5.515s] In file included from [01m[K/home/dfx-rick/ctrl_ws/src/lqr.cpp:1[m[K:
[5.515s] [01m[K/home/dfx-rick/ctrl_ws/include/lqr.h:30:7:[m[K [01;36m[Knote: [m[Kcandidate is: â€˜[01m[Kvoid lqr::updateK(lss&)[m[Kâ€™
[5.515s]    30 |  void [01;36m[KupdateK[m[K(lss &system_);
[5.515s]       |       [01;36m[K^~~~~~~[m[K
[5.515s] [01m[K/home/dfx-rick/ctrl_ws/include/lqr.h:20:7:[m[K [01;36m[Knote: [m[Kâ€˜[01m[Kclass lqr[m[Kâ€™ defined here
[5.516s]    20 | class [01;36m[Klqr[m[K{
[5.516s]       |       [01;36m[K^~~[m[K
[5.742s] make[2]: *** [CMakeFiles/lqr_core.dir/build.make:63: CMakeFiles/lqr_core.dir/src/lqr.cpp.o] Error 1
[5.743s] make[1]: *** [CMakeFiles/Makefile2:78: CMakeFiles/lqr_core.dir/all] Error 2
[5.743s] make: *** [Makefile:141: all] Error 2
[5.749s] Invoked command in '/home/dfx-rick/ctrl_ws/build/ctrl_ws' returned '2': CMAKE_PREFIX_PATH=/opt/ros/foxy /usr/bin/cmake --build /home/dfx-rick/ctrl_ws/build/ctrl_ws -- -j4 -l4
