[0.068s] Invoking command in '/home/dfx-rick/ctrl_ws/build/ctrl_ws': CMAKE_PREFIX_PATH=/opt/ros/foxy /usr/bin/cmake /home/dfx-rick/ctrl_ws -DAMENT_CMAKE_SYMLINK_INSTALL=1 -DCMAKE_INSTALL_PREFIX=/home/dfx-rick/ctrl_ws/install/ctrl_ws
[0.693s] -- Found ament_cmake: 0.9.8 (/opt/ros/foxy/share/ament_cmake/cmake)
[0.881s] -- Using PYTHON_EXECUTABLE: /usr/bin/python3
[1.320s] -- Override CMake install command with custom implementation using symlinks instead of copying resources
[1.493s] -- Found rclcpp: 2.3.1 (/opt/ros/foxy/share/rclcpp/cmake)
[1.862s] -- Using all available rosidl_typesupport_c: rosidl_typesupport_fastrtps_c;rosidl_typesupport_introspection_c
[1.886s] -- Found rosidl_adapter: 1.2.1 (/opt/ros/foxy/share/rosidl_adapter/cmake)
[2.435s] -- Using all available rosidl_typesupport_cpp: rosidl_typesupport_fastrtps_cpp;rosidl_typesupport_introspection_cpp
[2.617s] -- Found rmw_implementation_cmake: 1.0.3 (/opt/ros/foxy/share/rmw_implementation_cmake/cmake)
[2.682s] -- Using RMW implementation 'rmw_fastrtps_cpp' as default
[3.278s] -- Found ament_lint_auto: 0.9.6 (/opt/ros/foxy/share/ament_lint_auto/cmake)
[3.712s] -- Added test 'copyright' to check source files copyright and LICENSE
[4.020s] -- Added test 'cppcheck' to perform static code analysis on C / C++ code
[4.020s] -- Configured cppcheck include dirs: /home/dfx-rick/ctrl_ws/include
[4.021s] -- Configured cppcheck exclude dirs and/or files: 
[4.089s] -- Added test 'cpplint' to check C / C++ code against the Google style
[4.089s] -- Configured cpplint exclude dirs and/or files: 
[4.098s] -- Added test 'flake8' to check Python code syntax and style conventions
[4.115s] -- Added test 'lint_cmake' to check CMake code style
[4.124s] -- Added test 'pep257' to check Python code against some of the style conventions in PEP 257
[4.192s] -- Added test 'uncrustify' to check C / C++ code style
[4.192s] -- Configured uncrustify additional arguments: 
[4.201s] -- Added test 'xmllint' to check XML markup files
[4.285s] -- Configuring done
[4.390s] -- Generating done
[4.400s] -- Build files have been written to: /home/dfx-rick/ctrl_ws/build/ctrl_ws
[4.415s] Invoked command in '/home/dfx-rick/ctrl_ws/build/ctrl_ws' returned '0': CMAKE_PREFIX_PATH=/opt/ros/foxy /usr/bin/cmake /home/dfx-rick/ctrl_ws -DAMENT_CMAKE_SYMLINK_INSTALL=1 -DCMAKE_INSTALL_PREFIX=/home/dfx-rick/ctrl_ws/install/ctrl_ws
[4.420s] Invoking command in '/home/dfx-rick/ctrl_ws/build/ctrl_ws': CMAKE_PREFIX_PATH=/opt/ros/foxy /usr/bin/cmake --build /home/dfx-rick/ctrl_ws/build/ctrl_ws -- -j4 -l4
[4.468s] [35m[1mScanning dependencies of target lqr_base[0m
[4.485s] [ 50%] Built target lqr_test
[4.491s] [ 75%] [32mBuilding CXX object CMakeFiles/lqr_base.dir/src/lqr.cpp.o[0m
[9.343s] [01m[K/home/dfx-rick/ctrl_ws/src/lqr.cpp:7:1:[m[K [01;31m[Kerror: [m[Kâ€˜[01m[Kqr[m[Kâ€™ does not name a type; did you mean â€˜[01m[Klqr[m[Kâ€™?
[9.344s]     7 | [01;31m[Kqr[m[K::lqr(lss &system_, std::vector<double> Q_, std::vector<double> R_){
[9.344s]       | [01;31m[K^~[m[K
[9.344s]       | [32m[Klqr[m[K
[14.149s] make[2]: *** [CMakeFiles/lqr_base.dir/build.make:63: CMakeFiles/lqr_base.dir/src/lqr.cpp.o] Error 1
[14.150s] make[1]: *** [CMakeFiles/Makefile2:107: CMakeFiles/lqr_base.dir/all] Error 2
[14.150s] make: *** [Makefile:141: all] Error 2
[14.152s] Invoked command in '/home/dfx-rick/ctrl_ws/build/ctrl_ws' returned '2': CMAKE_PREFIX_PATH=/opt/ros/foxy /usr/bin/cmake --build /home/dfx-rick/ctrl_ws/build/ctrl_ws -- -j4 -l4
